[debug] [2020-07-31T23:35:27.567Z] ----------------------------------------------------------------------
[debug] [2020-07-31T23:35:27.568Z] Command:       C:\Program Files\nodejs\node.exe C:\Users\Me\AppData\Roaming\npm\node_modules\firebase-tools\lib\bin\firebase.js deploy --only functions
[debug] [2020-07-31T23:35:27.569Z] CLI Version:   8.5.0
[debug] [2020-07-31T23:35:27.569Z] Platform:      win32
[debug] [2020-07-31T23:35:27.569Z] Node Version:  v10.16.0
[debug] [2020-07-31T23:35:27.570Z] Time:          Fri Jul 31 2020 18:35:27 GMT-0500 (Central Daylight Time)
[debug] [2020-07-31T23:35:27.570Z] ----------------------------------------------------------------------
[debug] [2020-07-31T23:35:27.570Z] 
[debug] [2020-07-31T23:35:27.578Z] > command requires scopes: ["email","openid","https://www.googleapis.com/auth/cloudplatformprojects.readonly","https://www.googleapis.com/auth/firebase","https://www.googleapis.com/auth/cloud-platform"]
[debug] [2020-07-31T23:35:27.578Z] > authorizing via signed-in user
[debug] [2020-07-31T23:35:27.579Z] [iam] checking project abettersettlement-auth for permissions ["cloudfunctions.functions.create","cloudfunctions.functions.delete","cloudfunctions.functions.get","cloudfunctions.functions.list","cloudfunctions.functions.update","cloudfunctions.operations.get","firebase.projects.get"]
[debug] [2020-07-31T23:35:27.581Z] >>> HTTP REQUEST POST https://cloudresourcemanager.googleapis.com/v1/projects/abettersettlement-auth:testIamPermissions  
 {"permissions":["cloudfunctions.functions.create","cloudfunctions.functions.delete","cloudfunctions.functions.get","cloudfunctions.functions.list","cloudfunctions.functions.update","cloudfunctions.operations.get","firebase.projects.get"]}
[debug] [2020-07-31T23:35:27.815Z] <<< HTTP RESPONSE 200 {"content-type":"application/json; charset=UTF-8","vary":"X-Origin, Referer, Origin,Accept-Encoding","date":"Fri, 31 Jul 2020 23:35:28 GMT","server":"ESF","cache-control":"private","x-xss-protection":"0","x-frame-options":"SAMEORIGIN","x-content-type-options":"nosniff","server-timing":"gfet4t7; dur=81","alt-svc":"h3-29=\":443\"; ma=2592000,h3-27=\":443\"; ma=2592000,h3-T050=\":443\"; ma=2592000,h3-Q050=\":443\"; ma=2592000,h3-Q046=\":443\"; ma=2592000,h3-Q043=\":443\"; ma=2592000,quic=\":443\"; ma=2592000; v=\"46,43\"","accept-ranges":"none","transfer-encoding":"chunked"}
[debug] [2020-07-31T23:35:27.816Z] >>> HTTP REQUEST POST https://iam.googleapis.com/v1/projects/abettersettlement-auth/serviceAccounts/abettersettlement-auth@appspot.gserviceaccount.com:testIamPermissions  
 {"permissions":["iam.serviceAccounts.actAs"]}
[debug] [2020-07-31T23:35:28.032Z] <<< HTTP RESPONSE 200 {"content-type":"application/json; charset=UTF-8","vary":"X-Origin, Referer, Origin,Accept-Encoding","date":"Fri, 31 Jul 2020 23:35:28 GMT","server":"ESF","cache-control":"private","x-xss-protection":"0","x-frame-options":"SAMEORIGIN","x-content-type-options":"nosniff","alt-svc":"h3-29=\":443\"; ma=2592000,h3-27=\":443\"; ma=2592000,h3-T050=\":443\"; ma=2592000,h3-Q050=\":443\"; ma=2592000,h3-Q046=\":443\"; ma=2592000,h3-Q043=\":443\"; ma=2592000,quic=\":443\"; ma=2592000; v=\"46,43\"","accept-ranges":"none","transfer-encoding":"chunked"}
[warn] !  functions: package.json indicates an outdated version of firebase-functions.
Please upgrade using npm install --save firebase-functions@latest in your functions directory. 
[info] 
[info] === Deploying to 'abettersettlement-auth'...
[info] 
[info] i  deploying functions 
[info] Running command: npm --prefix "$RESOURCE_DIR" run lint
[info] +  functions: Finished running predeploy script. 
[debug] [2020-07-31T23:35:33.989Z] > [functions] package.json contents: {
  "name": "functions",
  "description": "Cloud Functions for Firebase",
  "scripts": {
    "lint": "eslint .",
    "serve": "firebase emulators:start --only functions",
    "shell": "firebase functions:shell",
    "start": "npm run shell",
    "deploy": "firebase deploy --only functions",
    "logs": "firebase functions:log"
  },
  "engines": {
    "node": "10"
  },
  "dependencies": {
    "firebase-admin": "^8.10.0",
    "firebase-functions": "^3.6.1"
  },
  "devDependencies": {
    "eslint": "^5.12.0",
    "eslint-plugin-promise": "^4.0.1",
    "firebase-functions-test": "^0.2.0"
  },
  "private": true
}
[info] i  functions: ensuring required API cloudfunctions.googleapis.com is enabled... 
[info] i  functions: ensuring required API cloudbuild.googleapis.com is enabled... 
[debug] [2020-07-31T23:35:46.291Z] >>> HTTP REQUEST GET https://serviceusage.googleapis.com/v1/projects/abettersettlement-auth/services/cloudfunctions.googleapis.com  
 
[debug] [2020-07-31T23:35:46.292Z] >>> HTTP REQUEST GET https://serviceusage.googleapis.com/v1/projects/abettersettlement-auth/services/runtimeconfig.googleapis.com  
 
[debug] [2020-07-31T23:35:46.292Z] >>> HTTP REQUEST GET https://serviceusage.googleapis.com/v1/projects/abettersettlement-auth/services/cloudbuild.googleapis.com  
 
